2017-12-13 12:22:31 | [INFO]    | Discordia 2.2.0
2017-12-13 12:22:31 | [INFO]    | Connecting to Discord...
2017-12-13 12:22:31 | [ERROR]   | 401 - UNAUTHORIZED : GET https://discordapp.com/api/v7/users/@me
2017-12-13 12:22:31 | [ERROR]   | Could not authenticate, check token: HTTP Error 0 : 401: Unauthorized
2017-12-13 12:22:46 | [INFO]    | Discordia 2.2.0
2017-12-13 12:22:46 | [INFO]    | Connecting to Discord...
2017-12-13 12:22:46 | [ERROR]   | 401 - UNAUTHORIZED : GET https://discordapp.com/api/v7/users/@me
2017-12-13 12:22:46 | [ERROR]   | Could not authenticate, check token: HTTP Error 0 : 401: Unauthorized
2017-12-13 12:23:14 | [INFO]    | Discordia 2.2.0
2017-12-13 12:23:14 | [INFO]    | Connecting to Discord...
2017-12-13 12:23:14 | [ERROR]   | 401 - UNAUTHORIZED : GET https://discordapp.com/api/v7/users/@me
2017-12-13 12:23:14 | [ERROR]   | Could not authenticate, check token: HTTP Error 0 : 401: Unauthorized
2017-12-13 12:23:26 | [INFO]    | Discordia 2.2.0
2017-12-13 12:23:26 | [INFO]    | Connecting to Discord...
2017-12-13 12:23:26 | [ERROR]   | 401 - UNAUTHORIZED : GET https://discordapp.com/api/v7/users/@me
2017-12-13 12:23:26 | [ERROR]   | Could not authenticate, check token: HTTP Error 0 : 401: Unauthorized
2017-12-13 12:26:07 | [INFO]    | Discordia 2.2.0
2017-12-13 12:26:07 | [INFO]    | Connecting to Discord...
2017-12-13 12:26:07 | [ERROR]   | 401 - UNAUTHORIZED : GET https://discordapp.com/api/v7/users/@me
2017-12-13 12:26:07 | [ERROR]   | Could not authenticate, check token: HTTP Error 0 : 401: Unauthorized
2017-12-13 12:28:24 | [INFO]    | Discordia 2.2.0
2017-12-13 12:28:24 | [INFO]    | Connecting to Discord...
2017-12-13 12:28:24 | [INFO]    | Authenticated as Destructo#7455
2017-12-13 12:28:24 | [INFO]    | Launching shard 0 (1 out of 1)...
2017-12-13 12:28:25 | [INFO]    | Shard 0 : Connected to wss://gateway.discord.gg
2017-12-13 12:28:25 | [INFO]    | Shard 0 : Received HELLO (gateway-prd-main-9842)
2017-12-13 12:28:25 | [INFO]    | Shard 0 : Received READY (gateway-prd-main-9842, discord-sessions-prd-1-3)
2017-12-13 12:29:56 | [INFO]    | Discordia 2.2.0
2017-12-13 12:29:56 | [INFO]    | Connecting to Discord...
2017-12-13 12:29:56 | [INFO]    | Authenticated as Destructo#7455
2017-12-13 12:29:56 | [INFO]    | Launching shard 0 (1 out of 1)...
2017-12-13 12:29:56 | [INFO]    | Shard 0 : Connected to wss://gateway.discord.gg
2017-12-13 12:29:56 | [INFO]    | Shard 0 : Received HELLO (gateway-prd-main-527n)
2017-12-13 12:29:56 | [INFO]    | Shard 0 : Received READY (gateway-prd-main-527n, discord-sessions-prd-1-9)
2017-12-13 16:11:25 | [INFO]    | Discordia 2.2.0
2017-12-13 16:11:25 | [INFO]    | Connecting to Discord...
2017-12-13 16:11:26 | [INFO]    | Authenticated as Destructo#7455
2017-12-13 16:11:26 | [INFO]    | Launching shard 0 (1 out of 1)...
2017-12-13 16:11:26 | [INFO]    | Shard 0 : Connected to wss://gateway.discord.gg
2017-12-13 16:11:26 | [INFO]    | Shard 0 : Received HELLO (gateway-prd-main-r3np)
2017-12-13 16:11:26 | [INFO]    | Shard 0 : Received READY (gateway-prd-main-r3np, discord-sessions-prd-1-10)
2017-12-13 16:12:50 | [INFO]    | Discordia 2.2.0
2017-12-13 16:12:50 | [INFO]    | Connecting to Discord...
2017-12-13 16:12:50 | [INFO]    | Authenticated as Destructo#7455
2017-12-13 16:12:50 | [INFO]    | Launching shard 0 (1 out of 1)...
2017-12-13 16:12:50 | [INFO]    | Shard 0 : Connected to wss://gateway.discord.gg
2017-12-13 16:12:50 | [INFO]    | Shard 0 : Received HELLO (gateway-prd-main-tptv)
2017-12-13 16:12:50 | [INFO]    | Shard 0 : Received READY (gateway-prd-main-tptv, discord-sessions-prd-1-7)
2017-12-13 16:31:23 | [INFO]    | Discordia 2.2.0
2017-12-13 16:31:23 | [INFO]    | Connecting to Discord...
2017-12-13 16:31:23 | [INFO]    | Authenticated as Destructo#7455
2017-12-13 16:31:23 | [INFO]    | Launching shard 0 (1 out of 1)...
2017-12-13 16:31:24 | [INFO]    | Shard 0 : Connected to wss://gateway.discord.gg
2017-12-13 16:31:24 | [INFO]    | Shard 0 : Received HELLO (gateway-prd-main-wk1z)
2017-12-13 16:31:24 | [INFO]    | Shard 0 : Received READY (gateway-prd-main-wk1z, discord-sessions-prd-1-9)
2017-12-13 16:31:46 | [INFO]    | Discordia 2.2.0
2017-12-13 16:31:46 | [INFO]    | Connecting to Discord...
2017-12-13 16:31:46 | [INFO]    | Authenticated as Destructo#7455
2017-12-13 16:31:46 | [INFO]    | Launching shard 0 (1 out of 1)...
2017-12-13 16:31:47 | [INFO]    | Shard 0 : Connected to wss://gateway.discord.gg
2017-12-13 16:31:47 | [INFO]    | Shard 0 : Received HELLO (gateway-prd-main-kf0c)
2017-12-13 16:31:47 | [INFO]    | Shard 0 : Received READY (gateway-prd-main-kf0c, discord-sessions-prd-1-14)
2017-12-13 16:32:09 | [INFO]    | Discordia 2.2.0
2017-12-13 16:32:09 | [INFO]    | Connecting to Discord...
2017-12-13 16:32:09 | [INFO]    | Authenticated as Destructo#7455
2017-12-13 16:32:09 | [INFO]    | Launching shard 0 (1 out of 1)...
2017-12-13 16:32:09 | [INFO]    | Shard 0 : Connected to wss://gateway.discord.gg
2017-12-13 16:32:09 | [INFO]    | Shard 0 : Received HELLO (gateway-prd-main-zlcf)
2017-12-13 16:32:09 | [INFO]    | Shard 0 : Received READY (gateway-prd-main-zlcf, discord-sessions-prd-1-1)
2017-12-13 16:32:47 | [INFO]    | Shard 0 : Disconnected
2017-12-13 16:32:47 | [INFO]    | Shard 0 : Reconnecting after 907 ms...
2017-12-13 16:32:48 | [INFO]    | Shard 0 : Connected to wss://gateway.discord.gg
2017-12-13 16:32:48 | [INFO]    | Shard 0 : Received HELLO (gateway-prd-main-7jnw)
2017-12-13 16:32:48 | [INFO]    | Shard 0 : Received RESUMED (gateway-prd-main-7jnw, discord-sessions-prd-1-1)
2017-12-13 16:35:32 | [INFO]    | Discordia 2.2.0
2017-12-13 16:35:32 | [INFO]    | Connecting to Discord...
2017-12-13 16:35:32 | [INFO]    | Authenticated as Destructo#7455
2017-12-13 16:35:32 | [INFO]    | Launching shard 0 (1 out of 1)...
2017-12-13 16:35:32 | [INFO]    | Shard 0 : Connected to wss://gateway.discord.gg
2017-12-13 16:35:32 | [INFO]    | Shard 0 : Received HELLO (gateway-prd-main-r2th)
2017-12-13 16:35:33 | [INFO]    | Shard 0 : Received READY (gateway-prd-main-r2th, discord-sessions-prd-1-16)
2017-12-13 16:48:37 | [WARNING] | Shard 0 : 1001 - Connection closed
2017-12-13 16:48:37 | [INFO]    | Shard 0 : Disconnected
2017-12-13 16:48:37 | [INFO]    | Shard 0 : Reconnecting after 1008 ms...
2017-12-13 16:48:38 | [INFO]    | Shard 0 : Connected to wss://gateway.discord.gg
2017-12-13 16:48:38 | [INFO]    | Shard 0 : Received HELLO (gateway-prd-main-zb6x)
2017-12-13 16:48:38 | [INFO]    | Shard 0 : Received RESUMED (gateway-prd-main-zb6x, discord-sessions-prd-1-16)
2017-12-13 16:49:19 | [WARNING] | Shard 0 : Previous heartbeat not acknowledged
2017-12-13 16:49:19 | [INFO]    | Shard 0 : Disconnected
2017-12-13 16:49:19 | [INFO]    | Shard 0 : Reconnecting...
2017-12-13 16:49:20 | [INFO]    | Shard 0 : Connected to wss://gateway.discord.gg
2017-12-13 16:49:20 | [INFO]    | Shard 0 : Received HELLO (gateway-prd-main-kf0c)
2017-12-13 16:49:20 | [INFO]    | Shard 0 : Received RESUMED (gateway-prd-main-kf0c, discord-sessions-prd-1-16)
2017-12-13 16:52:05 | [INFO]    | Shard 0 : Disconnected
2017-12-13 16:52:05 | [INFO]    | Shard 0 : Reconnecting after 921 ms...
2017-12-13 16:52:07 | [INFO]    | Shard 0 : Connected to wss://gateway.discord.gg
2017-12-13 16:52:07 | [INFO]    | Shard 0 : Received HELLO (gateway-prd-main-7c6x)
2017-12-13 16:52:07 | [INFO]    | Shard 0 : Received RESUMED (gateway-prd-main-7c6x, discord-sessions-prd-1-16)
2017-12-13 16:52:48 | [WARNING] | Shard 0 : Previous heartbeat not acknowledged
2017-12-13 16:52:48 | [INFO]    | Shard 0 : Disconnected
2017-12-13 16:52:48 | [INFO]    | Shard 0 : Reconnecting...
2017-12-13 16:52:48 | [INFO]    | Shard 0 : Connected to wss://gateway.discord.gg
2017-12-13 16:52:48 | [INFO]    | Shard 0 : Received HELLO (gateway-prd-main-cpw2)
2017-12-13 16:52:48 | [INFO]    | Shard 0 : Received RESUMED (gateway-prd-main-cpw2, discord-sessions-prd-1-16)
2017-12-14 16:11:30 | [INFO]    | Discordia 2.2.0
2017-12-14 16:11:30 | [INFO]    | Connecting to Discord...
2017-12-14 16:11:30 | [INFO]    | Authenticated as Destructo#7455
2017-12-14 16:11:30 | [INFO]    | Launching shard 0 (1 out of 1)...
2017-12-14 16:11:31 | [INFO]    | Shard 0 : Connected to wss://gateway.discord.gg
2017-12-14 16:11:31 | [INFO]    | Shard 0 : Received HELLO (gateway-prd-main-7c6x)
2017-12-14 16:11:31 | [INFO]    | Shard 0 : Received READY (gateway-prd-main-7c6x, discord-sessions-prd-1-11)
2017-12-14 16:11:49 | [INFO]    | Discordia 2.2.0
2017-12-14 16:11:49 | [INFO]    | Connecting to Discord...
2017-12-14 16:11:49 | [INFO]    | Authenticated as Destructo#7455
2017-12-14 16:11:49 | [INFO]    | Launching shard 0 (1 out of 1)...
2017-12-14 16:11:49 | [INFO]    | Shard 0 : Connected to wss://gateway.discord.gg
2017-12-14 16:11:49 | [INFO]    | Shard 0 : Received HELLO (gateway-prd-main-zb6x)
2017-12-14 16:11:49 | [INFO]    | Shard 0 : Received READY (gateway-prd-main-zb6x, discord-sessions-prd-1-1)
2017-12-14 16:12:27 | [INFO]    | Discordia 2.2.0
2017-12-14 16:12:27 | [INFO]    | Connecting to Discord...
2017-12-14 16:12:27 | [INFO]    | Authenticated as Destructo#7455
2017-12-14 16:12:27 | [INFO]    | Launching shard 0 (1 out of 1)...
2017-12-14 16:12:27 | [INFO]    | Shard 0 : Connected to wss://gateway.discord.gg
2017-12-14 16:12:27 | [INFO]    | Shard 0 : Received HELLO (gateway-prd-main-06xb)
2017-12-14 16:12:28 | [INFO]    | Shard 0 : Received READY (gateway-prd-main-06xb, discord-sessions-prd-1-7)
2017-12-14 16:16:48 | [INFO]    | Discordia 2.2.0
2017-12-14 16:16:48 | [INFO]    | Connecting to Discord...
2017-12-14 16:16:48 | [INFO]    | Authenticated as Destructo#7455
2017-12-14 16:16:48 | [INFO]    | Launching shard 0 (1 out of 1)...
2017-12-14 16:16:48 | [INFO]    | Shard 0 : Connected to wss://gateway.discord.gg
2017-12-14 16:16:48 | [INFO]    | Shard 0 : Received HELLO (gateway-prd-main-r2th)
2017-12-14 16:16:49 | [INFO]    | Shard 0 : Received READY (gateway-prd-main-r2th, discord-sessions-prd-1-1)
2017-12-14 16:18:01 | [INFO]    | Discordia 2.2.0
2017-12-14 16:18:01 | [INFO]    | Connecting to Discord...
2017-12-14 16:18:02 | [INFO]    | Authenticated as Destructo#7455
2017-12-14 16:18:02 | [INFO]    | Launching shard 0 (1 out of 1)...
2017-12-14 16:18:02 | [INFO]    | Shard 0 : Connected to wss://gateway.discord.gg
2017-12-14 16:18:02 | [INFO]    | Shard 0 : Received HELLO (gateway-prd-main-7jnw)
2017-12-14 16:18:03 | [INFO]    | Shard 0 : Received READY (gateway-prd-main-7jnw, discord-sessions-prd-1-15)
2017-12-14 16:48:51 | [INFO]    | Discordia 2.2.0
2017-12-14 16:48:51 | [INFO]    | Connecting to Discord...
2017-12-14 16:48:52 | [INFO]    | Authenticated as Destructo#7455
2017-12-14 16:48:52 | [INFO]    | Launching shard 0 (1 out of 1)...
2017-12-14 16:48:52 | [INFO]    | Shard 0 : Connected to wss://gateway.discord.gg
2017-12-14 16:48:52 | [INFO]    | Shard 0 : Received HELLO (gateway-prd-main-xx8s)
2017-12-14 16:48:52 | [INFO]    | Shard 0 : Received READY (gateway-prd-main-xx8s, discord-sessions-prd-1-5)
2017-12-14 16:49:20 | [INFO]    | Discordia 2.2.0
2017-12-14 16:49:20 | [INFO]    | Connecting to Discord...
2017-12-14 16:49:20 | [INFO]    | Authenticated as Destructo#7455
2017-12-14 16:49:20 | [INFO]    | Launching shard 0 (1 out of 1)...
2017-12-14 16:49:20 | [INFO]    | Shard 0 : Connected to wss://gateway.discord.gg
2017-12-14 16:49:20 | [INFO]    | Shard 0 : Received HELLO (gateway-prd-main-75lg)
2017-12-14 16:49:20 | [INFO]    | Shard 0 : Received READY (gateway-prd-main-75lg, discord-sessions-prd-1-9)
2017-12-14 16:52:22 | [INFO]    | Discordia 2.2.0
2017-12-14 16:52:22 | [INFO]    | Connecting to Discord...
2017-12-14 16:52:22 | [INFO]    | Authenticated as Destructo#7455
2017-12-14 16:52:22 | [INFO]    | Launching shard 0 (1 out of 1)...
2017-12-14 16:52:23 | [INFO]    | Shard 0 : Connected to wss://gateway.discord.gg
2017-12-14 16:52:23 | [INFO]    | Shard 0 : Received HELLO (gateway-prd-main-rd0v)
2017-12-14 16:52:23 | [INFO]    | Shard 0 : Received READY (gateway-prd-main-rd0v, discord-sessions-prd-1-12)
2017-12-14 16:53:32 | [INFO]    | Discordia 2.2.0
2017-12-14 16:53:32 | [INFO]    | Connecting to Discord...
2017-12-14 16:53:32 | [INFO]    | Authenticated as Destructo#7455
2017-12-14 16:53:32 | [INFO]    | Launching shard 0 (1 out of 1)...
2017-12-14 16:53:32 | [INFO]    | Shard 0 : Connected to wss://gateway.discord.gg
2017-12-14 16:53:32 | [INFO]    | Shard 0 : Received HELLO (gateway-prd-main-s0vc)
2017-12-14 16:53:33 | [INFO]    | Shard 0 : Received READY (gateway-prd-main-s0vc, discord-sessions-prd-1-4)
2017-12-14 16:54:22 | [INFO]    | Discordia 2.2.0
2017-12-14 16:54:22 | [INFO]    | Connecting to Discord...
2017-12-14 16:54:22 | [INFO]    | Authenticated as Destructo#7455
2017-12-14 16:54:22 | [INFO]    | Launching shard 0 (1 out of 1)...
2017-12-14 16:54:23 | [INFO]    | Shard 0 : Connected to wss://gateway.discord.gg
2017-12-14 16:54:23 | [INFO]    | Shard 0 : Received HELLO (gateway-prd-main-tptv)
2017-12-14 16:54:23 | [INFO]    | Shard 0 : Received READY (gateway-prd-main-tptv, discord-sessions-prd-1-8)
2017-12-14 16:54:43 | [INFO]    | Discordia 2.2.0
2017-12-14 16:54:43 | [INFO]    | Connecting to Discord...
2017-12-14 16:54:43 | [INFO]    | Authenticated as Destructo#7455
2017-12-14 16:54:43 | [INFO]    | Launching shard 0 (1 out of 1)...
2017-12-14 16:54:44 | [INFO]    | Shard 0 : Connected to wss://gateway.discord.gg
2017-12-14 16:54:44 | [INFO]    | Shard 0 : Received HELLO (gateway-prd-main-qmjm)
2017-12-14 16:54:44 | [INFO]    | Shard 0 : Received READY (gateway-prd-main-qmjm, discord-sessions-prd-1-3)
2017-12-14 16:59:04 | [INFO]    | Discordia 2.2.0
2017-12-14 16:59:04 | [INFO]    | Connecting to Discord...
2017-12-14 16:59:04 | [INFO]    | Authenticated as Destructo#7455
2017-12-14 16:59:04 | [INFO]    | Launching shard 0 (1 out of 1)...
2017-12-14 16:59:04 | [INFO]    | Shard 0 : Connected to wss://gateway.discord.gg
2017-12-14 16:59:04 | [INFO]    | Shard 0 : Received HELLO (gateway-prd-main-pbc4)
2017-12-14 16:59:04 | [INFO]    | Shard 0 : Received READY (gateway-prd-main-pbc4, discord-sessions-prd-1-12)
2017-12-14 16:59:35 | [INFO]    | Discordia 2.2.0
2017-12-14 16:59:35 | [INFO]    | Connecting to Discord...
2017-12-14 16:59:35 | [INFO]    | Authenticated as Destructo#7455
2017-12-14 16:59:35 | [INFO]    | Launching shard 0 (1 out of 1)...
2017-12-14 16:59:35 | [INFO]    | Shard 0 : Connected to wss://gateway.discord.gg
2017-12-14 16:59:35 | [INFO]    | Shard 0 : Received HELLO (gateway-prd-main-tgkn)
2017-12-14 16:59:35 | [INFO]    | Shard 0 : Received READY (gateway-prd-main-tgkn, discord-sessions-prd-1-3)
2017-12-14 17:08:04 | [INFO]    | Discordia 2.2.0
2017-12-14 17:08:04 | [INFO]    | Connecting to Discord...
2017-12-14 17:08:05 | [INFO]    | Authenticated as Destructo#7455
2017-12-14 17:08:05 | [INFO]    | Launching shard 0 (1 out of 1)...
2017-12-14 17:08:05 | [INFO]    | Shard 0 : Connected to wss://gateway.discord.gg
2017-12-14 17:08:05 | [INFO]    | Shard 0 : Received HELLO (gateway-prd-main-pbc4)
2017-12-14 17:08:05 | [INFO]    | Shard 0 : Received READY (gateway-prd-main-pbc4, discord-sessions-prd-1-15)
2017-12-14 17:08:45 | [INFO]    | Discordia 2.2.0
2017-12-14 17:08:45 | [INFO]    | Connecting to Discord...
2017-12-14 17:08:46 | [INFO]    | Authenticated as Destructo#7455
2017-12-14 17:08:46 | [INFO]    | Launching shard 0 (1 out of 1)...
2017-12-14 17:08:46 | [INFO]    | Shard 0 : Connected to wss://gateway.discord.gg
2017-12-14 17:08:46 | [INFO]    | Shard 0 : Received HELLO (gateway-prd-main-704s)
2017-12-14 17:08:46 | [INFO]    | Shard 0 : Received READY (gateway-prd-main-704s, discord-sessions-prd-1-6)
2017-12-14 17:10:34 | [INFO]    | Discordia 2.2.0
2017-12-14 17:10:34 | [INFO]    | Connecting to Discord...
2017-12-14 17:10:34 | [INFO]    | Authenticated as Destructo#7455
2017-12-14 17:10:34 | [INFO]    | Launching shard 0 (1 out of 1)...
2017-12-14 17:10:34 | [INFO]    | Shard 0 : Connected to wss://gateway.discord.gg
2017-12-14 17:10:34 | [INFO]    | Shard 0 : Received HELLO (gateway-prd-main-zb6x)
2017-12-14 17:10:35 | [INFO]    | Shard 0 : Received READY (gateway-prd-main-zb6x, discord-sessions-prd-1-15)
2017-12-14 17:30:10 | [INFO]    | Discordia 2.2.0
2017-12-14 17:30:10 | [INFO]    | Connecting to Discord...
2017-12-14 17:30:10 | [INFO]    | Authenticated as Destructo#7455
2017-12-14 17:30:10 | [INFO]    | Launching shard 0 (1 out of 1)...
2017-12-14 17:30:10 | [INFO]    | Shard 0 : Connected to wss://gateway.discord.gg
2017-12-14 17:30:10 | [INFO]    | Shard 0 : Received HELLO (gateway-prd-main-8l1h)
2017-12-14 17:30:10 | [INFO]    | Shard 0 : Received READY (gateway-prd-main-8l1h, discord-sessions-prd-1-8)
2017-12-14 17:30:31 | [INFO]    | Discordia 2.2.0
2017-12-14 17:30:31 | [INFO]    | Connecting to Discord...
2017-12-14 17:30:31 | [INFO]    | Authenticated as Destructo#7455
2017-12-14 17:30:31 | [INFO]    | Launching shard 0 (1 out of 1)...
2017-12-14 17:30:31 | [INFO]    | Shard 0 : Connected to wss://gateway.discord.gg
2017-12-14 17:30:31 | [INFO]    | Shard 0 : Received HELLO (gateway-prd-main-qmjm)
2017-12-14 17:30:32 | [INFO]    | Shard 0 : Received READY (gateway-prd-main-qmjm, discord-sessions-prd-1-8)
2017-12-14 17:30:57 | [INFO]    | Discordia 2.2.0
2017-12-14 17:30:57 | [INFO]    | Connecting to Discord...
2017-12-14 17:30:57 | [INFO]    | Authenticated as Destructo#7455
2017-12-14 17:30:57 | [INFO]    | Launching shard 0 (1 out of 1)...
2017-12-14 17:30:58 | [INFO]    | Shard 0 : Connected to wss://gateway.discord.gg
2017-12-14 17:30:58 | [INFO]    | Shard 0 : Received HELLO (gateway-prd-main-9842)
2017-12-14 17:30:58 | [INFO]    | Shard 0 : Received READY (gateway-prd-main-9842, discord-sessions-prd-1-13)
2017-12-14 17:32:30 | [INFO]    | Discordia 2.2.0
2017-12-14 17:32:30 | [INFO]    | Connecting to Discord...
2017-12-14 17:32:31 | [INFO]    | Authenticated as Destructo#7455
2017-12-14 17:32:31 | [INFO]    | Launching shard 0 (1 out of 1)...
2017-12-14 17:32:31 | [INFO]    | Shard 0 : Connected to wss://gateway.discord.gg
2017-12-14 17:32:31 | [INFO]    | Shard 0 : Received HELLO (gateway-prd-main-3q62)
2017-12-14 17:32:31 | [INFO]    | Shard 0 : Received READY (gateway-prd-main-3q62, discord-sessions-prd-1-1)
2017-12-14 17:32:43 | [INFO]    | Discordia 2.2.0
2017-12-14 17:32:43 | [INFO]    | Connecting to Discord...
2017-12-14 17:32:43 | [INFO]    | Authenticated as Destructo#7455
2017-12-14 17:32:43 | [INFO]    | Launching shard 0 (1 out of 1)...
2017-12-14 17:32:44 | [INFO]    | Shard 0 : Connected to wss://gateway.discord.gg
2017-12-14 17:32:44 | [INFO]    | Shard 0 : Received HELLO (gateway-prd-main-czp3)
2017-12-14 17:32:44 | [INFO]    | Shard 0 : Received READY (gateway-prd-main-czp3, discord-sessions-prd-1-3)
2017-12-14 17:33:05 | [INFO]    | Discordia 2.2.0
2017-12-14 17:33:05 | [INFO]    | Connecting to Discord...
2017-12-14 17:33:05 | [INFO]    | Authenticated as Destructo#7455
2017-12-14 17:33:05 | [INFO]    | Launching shard 0 (1 out of 1)...
2017-12-14 17:33:06 | [INFO]    | Shard 0 : Connected to wss://gateway.discord.gg
2017-12-14 17:33:06 | [INFO]    | Shard 0 : Received HELLO (gateway-prd-main-rd0v)
2017-12-14 17:33:06 | [INFO]    | Shard 0 : Received READY (gateway-prd-main-rd0v, discord-sessions-prd-1-9)
2017-12-14 17:33:34 | [INFO]    | Discordia 2.2.0
2017-12-14 17:33:34 | [INFO]    | Connecting to Discord...
2017-12-14 17:33:34 | [INFO]    | Authenticated as Destructo#7455
2017-12-14 17:33:34 | [INFO]    | Launching shard 0 (1 out of 1)...
2017-12-14 17:33:34 | [INFO]    | Shard 0 : Connected to wss://gateway.discord.gg
2017-12-14 17:33:34 | [INFO]    | Shard 0 : Received HELLO (gateway-prd-main-704s)
2017-12-14 17:33:34 | [INFO]    | Shard 0 : Received READY (gateway-prd-main-704s, discord-sessions-prd-1-4)
2017-12-14 17:33:56 | [INFO]    | Discordia 2.2.0
2017-12-14 17:33:56 | [INFO]    | Connecting to Discord...
2017-12-14 17:33:56 | [INFO]    | Authenticated as Destructo#7455
2017-12-14 17:33:56 | [INFO]    | Launching shard 0 (1 out of 1)...
2017-12-14 17:33:56 | [INFO]    | Shard 0 : Connected to wss://gateway.discord.gg
2017-12-14 17:33:56 | [INFO]    | Shard 0 : Received HELLO (gateway-prd-main-5h3n)
2017-12-14 17:33:56 | [INFO]    | Shard 0 : Received READY (gateway-prd-main-5h3n, discord-sessions-prd-1-16)
2017-12-14 17:36:30 | [INFO]    | Discordia 2.2.0
2017-12-14 17:36:30 | [INFO]    | Connecting to Discord...
2017-12-14 17:36:30 | [INFO]    | Authenticated as Destructo#7455
2017-12-14 17:36:30 | [INFO]    | Launching shard 0 (1 out of 1)...
2017-12-14 17:36:30 | [INFO]    | Shard 0 : Connected to wss://gateway.discord.gg
2017-12-14 17:36:30 | [INFO]    | Shard 0 : Received HELLO (gateway-prd-main-5h3n)
2017-12-14 17:36:30 | [INFO]    | Shard 0 : Received READY (gateway-prd-main-5h3n, discord-sessions-prd-1-2)
2017-12-14 17:37:14 | [INFO]    | Discordia 2.2.0
2017-12-14 17:37:14 | [INFO]    | Connecting to Discord...
2017-12-14 17:37:14 | [INFO]    | Authenticated as Destructo#7455
2017-12-14 17:37:14 | [INFO]    | Launching shard 0 (1 out of 1)...
2017-12-14 17:37:15 | [INFO]    | Shard 0 : Connected to wss://gateway.discord.gg
2017-12-14 17:37:15 | [INFO]    | Shard 0 : Received HELLO (gateway-prd-main-zb6x)
2017-12-14 17:37:15 | [INFO]    | Shard 0 : Received READY (gateway-prd-main-zb6x, discord-sessions-prd-1-7)
2017-12-14 17:50:12 | [INFO]    | Discordia 2.2.0
2017-12-14 17:50:12 | [INFO]    | Connecting to Discord...
2017-12-14 17:50:12 | [INFO]    | Authenticated as Destructo#7455
2017-12-14 17:50:12 | [INFO]    | Launching shard 0 (1 out of 1)...
2017-12-14 17:50:12 | [INFO]    | Shard 0 : Connected to wss://gateway.discord.gg
2017-12-14 17:50:12 | [INFO]    | Shard 0 : Received HELLO (gateway-prd-main-rd0v)
2017-12-14 17:50:13 | [INFO]    | Shard 0 : Received READY (gateway-prd-main-rd0v, discord-sessions-prd-1-4)
2017-12-14 17:50:16 | [INFO]    | Discordia 2.2.0
2017-12-14 17:50:16 | [INFO]    | Connecting to Discord...
2017-12-14 17:50:16 | [INFO]    | Authenticated as Destructo#7455
2017-12-14 17:50:16 | [INFO]    | Launching shard 0 (1 out of 1)...
2017-12-14 17:50:16 | [INFO]    | Shard 0 : Connected to wss://gateway.discord.gg
2017-12-14 17:50:16 | [INFO]    | Shard 0 : Received HELLO (gateway-prd-main-r3np)
2017-12-14 17:50:18 | [INFO]    | Shard 0 : Session invalidated, re-identifying...
2017-12-14 17:50:24 | [INFO]    | Shard 0 : Received READY (gateway-prd-main-r3np, discord-sessions-prd-1-8)
2017-12-14 18:07:06 | [INFO]    | Discordia 2.2.0
2017-12-14 18:07:06 | [INFO]    | Connecting to Discord...
2017-12-14 18:07:06 | [INFO]    | Authenticated as Destructo#7455
2017-12-14 18:07:06 | [INFO]    | Launching shard 0 (1 out of 1)...
2017-12-14 18:07:07 | [INFO]    | Shard 0 : Connected to wss://gateway.discord.gg
2017-12-14 18:07:07 | [INFO]    | Shard 0 : Received HELLO (gateway-prd-main-9842)
2017-12-14 18:07:07 | [INFO]    | Shard 0 : Received READY (gateway-prd-main-9842, discord-sessions-prd-1-3)
2017-12-14 18:16:19 | [INFO]    | Discordia 2.2.0
2017-12-14 18:16:19 | [INFO]    | Connecting to Discord...
2017-12-14 18:16:19 | [INFO]    | Authenticated as Destructo#7455
2017-12-14 18:16:19 | [INFO]    | Launching shard 0 (1 out of 1)...
2017-12-14 18:16:19 | [INFO]    | Shard 0 : Connected to wss://gateway.discord.gg
2017-12-14 18:16:19 | [INFO]    | Shard 0 : Received HELLO (gateway-prd-main-cpw2)
2017-12-14 18:16:19 | [INFO]    | Shard 0 : Received READY (gateway-prd-main-cpw2, discord-sessions-prd-1-4)
2017-12-14 18:17:29 | [INFO]    | Discordia 2.2.0
2017-12-14 18:17:29 | [INFO]    | Connecting to Discord...
2017-12-14 18:17:29 | [INFO]    | Authenticated as Destructo#7455
2017-12-14 18:17:29 | [INFO]    | Launching shard 0 (1 out of 1)...
2017-12-14 18:17:29 | [INFO]    | Shard 0 : Connected to wss://gateway.discord.gg
2017-12-14 18:17:29 | [INFO]    | Shard 0 : Received HELLO (gateway-prd-main-3q62)
2017-12-14 18:17:30 | [INFO]    | Shard 0 : Received READY (gateway-prd-main-3q62, discord-sessions-prd-1-16)
2017-12-14 18:19:51 | [INFO]    | Discordia 2.2.0
2017-12-14 18:19:51 | [INFO]    | Connecting to Discord...
2017-12-14 18:19:51 | [INFO]    | Authenticated as Destructo#7455
2017-12-14 18:19:51 | [INFO]    | Launching shard 0 (1 out of 1)...
2017-12-14 18:19:51 | [INFO]    | Shard 0 : Connected to wss://gateway.discord.gg
2017-12-14 18:19:51 | [INFO]    | Shard 0 : Received HELLO (gateway-prd-main-zlcf)
2017-12-14 18:19:51 | [INFO]    | Shard 0 : Received READY (gateway-prd-main-zlcf, discord-sessions-prd-1-14)
2017-12-14 18:20:36 | [INFO]    | Discordia 2.2.0
2017-12-14 18:20:36 | [INFO]    | Connecting to Discord...
2017-12-14 18:20:36 | [INFO]    | Authenticated as Destructo#7455
2017-12-14 18:20:36 | [INFO]    | Launching shard 0 (1 out of 1)...
2017-12-14 18:20:37 | [INFO]    | Shard 0 : Connected to wss://gateway.discord.gg
2017-12-14 18:20:37 | [INFO]    | Shard 0 : Received HELLO (gateway-prd-main-dhbj)
2017-12-14 18:20:37 | [INFO]    | Shard 0 : Received READY (gateway-prd-main-dhbj, discord-sessions-prd-1-7)
2017-12-14 18:22:01 | [INFO]    | Discordia 2.2.0
2017-12-14 18:22:01 | [INFO]    | Connecting to Discord...
2017-12-14 18:22:01 | [INFO]    | Authenticated as Destructo#7455
2017-12-14 18:22:01 | [INFO]    | Launching shard 0 (1 out of 1)...
2017-12-14 18:22:02 | [INFO]    | Shard 0 : Connected to wss://gateway.discord.gg
2017-12-14 18:22:02 | [INFO]    | Shard 0 : Received HELLO (gateway-prd-main-x942)
2017-12-14 18:22:02 | [INFO]    | Shard 0 : Received READY (gateway-prd-main-x942, discord-sessions-prd-1-16)
2017-12-14 18:25:04 | [INFO]    | Discordia 2.2.0
2017-12-14 18:25:04 | [INFO]    | Connecting to Discord...
2017-12-14 18:25:04 | [INFO]    | Authenticated as Destructo#7455
2017-12-14 18:25:04 | [INFO]    | Launching shard 0 (1 out of 1)...
2017-12-14 18:25:04 | [INFO]    | Shard 0 : Connected to wss://gateway.discord.gg
2017-12-14 18:25:04 | [INFO]    | Shard 0 : Received HELLO (gateway-prd-main-rlfp)
2017-12-14 18:25:05 | [INFO]    | Shard 0 : Received READY (gateway-prd-main-rlfp, discord-sessions-prd-1-2)
2017-12-14 18:25:46 | [INFO]    | Discordia 2.2.0
2017-12-14 18:25:46 | [INFO]    | Connecting to Discord...
2017-12-14 18:25:46 | [INFO]    | Authenticated as Destructo#7455
2017-12-14 18:25:46 | [INFO]    | Launching shard 0 (1 out of 1)...
2017-12-14 18:25:47 | [INFO]    | Shard 0 : Connected to wss://gateway.discord.gg
2017-12-14 18:25:47 | [INFO]    | Shard 0 : Received HELLO (gateway-prd-main-czp3)
2017-12-14 18:25:47 | [INFO]    | Shard 0 : Received READY (gateway-prd-main-czp3, discord-sessions-prd-1-2)
2017-12-14 18:26:43 | [INFO]    | Discordia 2.2.0
2017-12-14 18:26:43 | [INFO]    | Connecting to Discord...
2017-12-14 18:26:43 | [INFO]    | Authenticated as Destructo#7455
2017-12-14 18:26:43 | [INFO]    | Launching shard 0 (1 out of 1)...
2017-12-14 18:26:43 | [INFO]    | Shard 0 : Connected to wss://gateway.discord.gg
2017-12-14 18:26:43 | [INFO]    | Shard 0 : Received HELLO (gateway-prd-main-527n)
2017-12-14 18:26:43 | [INFO]    | Shard 0 : Received READY (gateway-prd-main-527n, discord-sessions-prd-1-14)
2017-12-14 18:27:04 | [INFO]    | Discordia 2.2.0
2017-12-14 18:27:04 | [INFO]    | Connecting to Discord...
2017-12-14 18:27:05 | [INFO]    | Authenticated as Destructo#7455
2017-12-14 18:27:05 | [INFO]    | Launching shard 0 (1 out of 1)...
2017-12-14 18:27:05 | [INFO]    | Shard 0 : Connected to wss://gateway.discord.gg
2017-12-14 18:27:05 | [INFO]    | Shard 0 : Received HELLO (gateway-prd-main-tpl8)
2017-12-14 18:27:05 | [INFO]    | Shard 0 : Received READY (gateway-prd-main-tpl8, discord-sessions-prd-1-1)
2017-12-14 18:27:18 | [INFO]    | Discordia 2.2.0
2017-12-14 18:27:18 | [INFO]    | Connecting to Discord...
2017-12-14 18:27:18 | [INFO]    | Authenticated as Destructo#7455
2017-12-14 18:27:18 | [INFO]    | Launching shard 0 (1 out of 1)...
2017-12-14 18:27:18 | [INFO]    | Shard 0 : Connected to wss://gateway.discord.gg
2017-12-14 18:27:18 | [INFO]    | Shard 0 : Received HELLO (gateway-prd-main-9842)
2017-12-14 18:27:19 | [INFO]    | Shard 0 : Received READY (gateway-prd-main-9842, discord-sessions-prd-1-9)
2017-12-14 18:29:08 | [INFO]    | Discordia 2.2.0
2017-12-14 18:29:08 | [INFO]    | Connecting to Discord...
2017-12-14 18:29:08 | [INFO]    | Authenticated as Destructo#7455
2017-12-14 18:29:08 | [INFO]    | Launching shard 0 (1 out of 1)...
2017-12-14 18:29:08 | [INFO]    | Shard 0 : Connected to wss://gateway.discord.gg
2017-12-14 18:29:08 | [INFO]    | Shard 0 : Received HELLO (gateway-prd-main-tpl8)
2017-12-14 18:29:09 | [INFO]    | Shard 0 : Received READY (gateway-prd-main-tpl8, discord-sessions-prd-1-8)
2017-12-14 18:29:42 | [INFO]    | Discordia 2.2.0
2017-12-14 18:29:42 | [INFO]    | Connecting to Discord...
2017-12-14 18:29:43 | [INFO]    | Authenticated as Destructo#7455
2017-12-14 18:29:43 | [INFO]    | Launching shard 0 (1 out of 1)...
2017-12-14 18:29:43 | [INFO]    | Shard 0 : Connected to wss://gateway.discord.gg
2017-12-14 18:29:43 | [INFO]    | Shard 0 : Received HELLO (gateway-prd-main-rd0v)
2017-12-14 18:29:43 | [INFO]    | Shard 0 : Received READY (gateway-prd-main-rd0v, discord-sessions-prd-1-7)
2017-12-14 18:30:08 | [INFO]    | Discordia 2.2.0
2017-12-14 18:30:08 | [INFO]    | Connecting to Discord...
2017-12-14 18:30:08 | [INFO]    | Authenticated as Destructo#7455
2017-12-14 18:30:08 | [INFO]    | Launching shard 0 (1 out of 1)...
2017-12-14 18:30:09 | [INFO]    | Shard 0 : Connected to wss://gateway.discord.gg
2017-12-14 18:30:09 | [INFO]    | Shard 0 : Received HELLO (gateway-prd-main-qmjm)
2017-12-14 18:30:09 | [INFO]    | Shard 0 : Received READY (gateway-prd-main-qmjm, discord-sessions-prd-1-3)
2017-12-14 18:30:44 | [INFO]    | Discordia 2.2.0
2017-12-14 18:30:44 | [INFO]    | Connecting to Discord...
2017-12-14 18:30:45 | [INFO]    | Authenticated as Destructo#7455
2017-12-14 18:30:45 | [INFO]    | Launching shard 0 (1 out of 1)...
2017-12-14 18:30:45 | [INFO]    | Shard 0 : Connected to wss://gateway.discord.gg
2017-12-14 18:30:45 | [INFO]    | Shard 0 : Received HELLO (gateway-prd-main-7jnw)
2017-12-14 18:30:45 | [INFO]    | Shard 0 : Received READY (gateway-prd-main-7jnw, discord-sessions-prd-1-13)
2017-12-14 18:31:30 | [INFO]    | Discordia 2.2.0
2017-12-14 18:31:30 | [INFO]    | Connecting to Discord...
2017-12-14 18:31:30 | [INFO]    | Authenticated as Destructo#7455
2017-12-14 18:31:30 | [INFO]    | Launching shard 0 (1 out of 1)...
2017-12-14 18:31:30 | [INFO]    | Shard 0 : Connected to wss://gateway.discord.gg
2017-12-14 18:31:30 | [INFO]    | Shard 0 : Received HELLO (gateway-prd-main-dhbj)
2017-12-14 18:31:30 | [INFO]    | Shard 0 : Received READY (gateway-prd-main-dhbj, discord-sessions-prd-1-3)
2017-12-14 18:31:42 | [INFO]    | Discordia 2.2.0
2017-12-14 18:31:42 | [INFO]    | Connecting to Discord...
2017-12-14 18:31:42 | [INFO]    | Authenticated as Destructo#7455
2017-12-14 18:31:42 | [INFO]    | Launching shard 0 (1 out of 1)...
2017-12-14 18:31:43 | [INFO]    | Shard 0 : Connected to wss://gateway.discord.gg
2017-12-14 18:31:43 | [INFO]    | Shard 0 : Received HELLO (gateway-prd-main-06xb)
2017-12-14 18:31:43 | [INFO]    | Shard 0 : Received READY (gateway-prd-main-06xb, discord-sessions-prd-1-1)
2017-12-14 18:32:10 | [INFO]    | Discordia 2.2.0
2017-12-14 18:32:10 | [INFO]    | Connecting to Discord...
2017-12-14 18:32:10 | [INFO]    | Authenticated as Destructo#7455
2017-12-14 18:32:10 | [INFO]    | Launching shard 0 (1 out of 1)...
2017-12-14 18:32:10 | [INFO]    | Shard 0 : Connected to wss://gateway.discord.gg
2017-12-14 18:32:10 | [INFO]    | Shard 0 : Received HELLO (gateway-prd-main-9842)
2017-12-14 18:32:10 | [INFO]    | Shard 0 : Received READY (gateway-prd-main-9842, discord-sessions-prd-1-4)
2017-12-14 18:32:51 | [ERROR]   | 403 - FORBIDDEN : PUT https://discordapp.com/api/v7/guilds/217387119461531649/members/390914251583127562/roles/254961805946912769
2017-12-14 18:34:07 | [ERROR]   | 403 - FORBIDDEN : PUT https://discordapp.com/api/v7/guilds/217387119461531649/members/390914251583127562/roles/254961805946912769
